<?xml version="1.0" encoding="UTF-8"?>
<testsuite name="Algorithms.FairDraft.Trees.RedBlackTreeTest" tests="1" skipped="0" failures="0" errors="0" timestamp="2021-03-18T12:57:09" hostname="LAPTOP-8ASO47S1" time="0.01">
  <properties/>
  <testcase name="insert()" classname="Algorithms.FairDraft.Trees.RedBlackTreeTest" time="0.01"/>
  <system-out><![CDATA[]]></system-out>
  <system-err><![CDATA[]]></system-err>
</testsuite>
